<?xml version="1.0" encoding="UTF-8"?>
<!-- Generated by org.testng.reporters.JUnitReportReporter -->
<testsuite skipped="0" hostname="HP-PC" name="FlightBookingTest" tests="1" failures="0" timestamp="28 Nov 2017 15:41:21 GMT" time="25.689" errors="0">
  <testcase name="testThatResultsAppearForAOneWayJourney" time="25.689" classname="FlightBookingTest"/>
</testsuite> <!-- FlightBookingTest -->
