<?xml version="1.0" encoding="UTF-8"?>
<!-- Generated by org.testng.reporters.JUnitReportReporter -->
<testsuite skipped="0" hostname="HP-PC" name="SignInTest" tests="1" failures="0" timestamp="28 Nov 2017 16:40:11 GMT" time="16.258" errors="0">
  <testcase name="shouldThrowAnErrorIfSignInDetailsAreMissing" time="16.258" classname="SignInTest"/>
</testsuite> <!-- SignInTest -->
