<?xml version="1.0" encoding="UTF-8"?>
<!-- Generated by org.testng.reporters.JUnitReportReporter -->
<testsuite skipped="0" hostname="HP-PC" name="HotelBookingTest" tests="1" failures="0" timestamp="28 Nov 2017 16:27:48 GMT" time="17.518" errors="0">
  <testcase name="shouldBeAbleToSearchForHotels" time="17.518" classname="HotelBookingTest"/>
</testsuite> <!-- HotelBookingTest -->
